<?xml version="1.0" encoding="UTF-8"?>
<beans xmlns="http://www.springframework.org/schema/beans"
	xmlns:mongo="http://www.springframework.org/schema/data/mongo"
	xmlns:xsi="http://www.w3.org/2001/XMLSchema-instance"
	xsi:schemaLocation="http://www.springframework.org/schema/data/mongo http://www.springframework.org/schema/data/mongo/spring-mongo.xsd
		http://www.springframework.org/schema/beans http://www.springframework.org/schema/beans/spring-beans.xsd">

	<!-- Mongo DB instance required by the Spring-Data framework. -->
	<mongo:db-factory id="mongoFactory" dbname="cgh-notes" />

	<!-- Mongo Template definition is required by the Spring data framework -->
	<bean id="mongoTemplate" class="org.springframework.data.mongodb.core.MongoTemplate">
		<constructor-arg ref="mongoFactory" />
	</bean>

</beans>